2025-05-31 03:06:32,090 - __main__ - INFO - ChatbotBackend initialized
2025-05-31 03:06:32,091 - __main__ - ERROR - Error initializing components: name 'DataExtractor' is not defined
2025-05-31 03:08:32,807 - __main__ - INFO - ChatbotBackend initialized
2025-05-31 03:08:32,807 - __main__ - INFO - All components initialized successfully
2025-05-31 03:10:42,909 - __main__ - INFO - ChatbotBackend initialized
2025-05-31 03:10:42,909 - __main__ - INFO - Looking for qa.json at: c:\Users\alokp\ide1\Data\qa.json
2025-05-31 03:10:42,909 - __main__ - WARNING - qa.json not found at c:\Users\alokp\ide1\Data\qa.json
2025-05-31 03:10:42,909 - __main__ - INFO - Looking for structure.json at: c:\Users\alokp\ide1\Data\structure.json
2025-05-31 03:10:42,909 - __main__ - WARNING - structure.json not found at c:\Users\alokp\ide1\Data\structure.json
2025-05-31 03:10:42,909 - __main__ - INFO - Looking for text.json at: c:\Users\alokp\ide1\Data\text.json
2025-05-31 03:10:42,909 - __main__ - WARNING - text.json not found at c:\Users\alokp\ide1\Data\text.json
2025-05-31 03:10:42,909 - __main__ - INFO - Data loading complete: 0/3 files loaded
2025-05-31 03:10:42,909 - __main__ - INFO - All components initialized successfully
2025-05-31 03:20:51,072 - __main__ - INFO - ChatbotBackend initialized
2025-05-31 03:20:51,072 - __main__ - INFO - All components initialized successfully
2025-05-31 03:28:40,579 - __main__ - INFO - ChatbotBackend initialized
2025-05-31 03:28:40,579 - __main__ - INFO - Found Data directory at: c:\Users\alokp\chatbotify\backend\Data
2025-05-31 03:28:40,579 - __main__ - INFO - Looking for qa.json at: c:\Users\alokp\chatbotify\backend\Data\qa.json
2025-05-31 03:28:40,579 - __main__ - ERROR - Error loading data: Expecting value: line 1 column 1 (char 0)
2025-05-31 03:29:47,900 - __main__ - INFO - ChatbotBackend initialized
2025-05-31 03:29:47,900 - __main__ - INFO - Found Data directory at: c:\Users\alokp\chatbotify\backend\Data
2025-05-31 03:29:47,916 - __main__ - INFO - Looking for qa.json at: c:\Users\alokp\chatbotify\backend\Data\qa.json
2025-05-31 03:29:47,916 - __main__ - ERROR - Error loading data: Expecting value: line 1 column 1 (char 0)
2025-06-01 00:41:32,995 - __main__ - INFO - ChatbotBackend initialized
2025-06-01 00:41:32,998 - __main__ - INFO - Found Data directory at: c:\Users\alokp\chatbotify\backend\Data
2025-06-01 00:41:32,998 - __main__ - INFO - Looking for qa.json at: c:\Users\alokp\chatbotify\backend\Data\qa.json
2025-06-01 00:41:33,000 - __main__ - ERROR - Error loading data: Expecting value: line 1 column 1 (char 0)
2025-06-01 02:46:04,405 - __main__ - INFO - ChatbotBackend initialized
2025-06-01 02:46:04,405 - __main__ - INFO - Found Data directory at: c:\Users\alokp\chatbotify\backend\Data
2025-06-01 02:46:04,405 - __main__ - INFO - Looking for qa.json at: c:\Users\alokp\chatbotify\backend\Data\qa.json
2025-06-01 02:46:04,405 - __main__ - ERROR - Error loading data: Expecting value: line 1 column 1 (char 0)
