2025-06-18 04:16:55,360 - INFO - Starting web content analysis...
2025-06-18 04:16:55,360 - INFO - Loading scraped dataset...
2025-06-18 04:16:55,380 - ERROR - Analytics module failed: Error loading data from 'data\scraped_dataset.json': Expected a list of entries in the JSON file.
2025-06-18 04:18:08,652 - INFO - Starting web content analysis...
2025-06-18 04:18:08,652 - INFO - Loading scraped dataset...
2025-06-18 04:18:14,570 - ERROR - Analytics module failed: Error loading data from 'data\scraped_dataset.json': Expected a list of entries in the JSON file.
2025-06-18 04:19:33,357 - INFO - Starting web content analysis...
2025-06-18 04:19:33,358 - INFO - Loading scraped dataset...
2025-06-18 04:19:33,374 - INFO - Loaded JSON data of type: <class 'dict'>
2025-06-18 04:19:33,374 - INFO - Data is a dictionary, attempting to convert...
2025-06-18 04:19:33,374 - INFO - Found 'pages' key with 50 entries
2025-06-18 04:19:33,374 - INFO - Extracting content...
2025-06-18 04:19:34,417 - INFO - Saving to JSON files...
2025-06-18 04:19:34,430 - INFO - Saved 50 entries to output\html_data.json
2025-06-18 04:19:34,439 - INFO - Saved 224 entries to output\css_data.json
2025-06-18 04:19:34,471 - INFO - Saved 4037 entries to output\text_data.json
2025-06-18 04:19:34,513 - INFO - Saved 4220 entries to output\links_data.json
2025-06-18 04:19:34,529 - INFO - Saved 1381 entries to output\images_data.json
2025-06-18 04:19:34,535 - INFO - Saved 50 entries to output\metadata.json
2025-06-18 04:19:34,535 - INFO - Saving to database...
2025-06-18 04:19:34,613 - INFO - Successfully saved all data to database
2025-06-18 04:19:34,613 - INFO - Report saved to reports\analytics_report_20250618_041934.json
2025-06-18 04:19:34,618 - INFO - Analytics module completed successfully!
2025-06-18 04:28:36,716 - INFO - Starting web content analysis...
2025-06-18 04:28:36,716 - INFO - Loading scraped dataset...
2025-06-18 04:28:36,735 - INFO - Loaded JSON data of type: <class 'dict'>
2025-06-18 04:28:36,737 - INFO - Data is a dictionary, attempting to convert...
2025-06-18 04:28:36,737 - INFO - Found 'pages' key with 50 entries
2025-06-18 04:28:36,737 - INFO - Extracting content...
2025-06-18 04:28:37,841 - INFO - Saving to JSON files...
2025-06-18 04:28:37,858 - INFO - Saved 50 entries to output\html_data.json
2025-06-18 04:28:37,862 - INFO - Saved 224 entries to output\css_data.json
2025-06-18 04:28:37,891 - INFO - Saved 4037 entries to output\text_data.json
2025-06-18 04:28:37,934 - INFO - Saved 4220 entries to output\links_data.json
2025-06-18 04:28:37,955 - INFO - Saved 1381 entries to output\images_data.json
2025-06-18 04:28:37,957 - INFO - Saved 50 entries to output\metadata.json
2025-06-18 04:28:37,957 - INFO - Saving to database...
2025-06-18 04:28:37,978 - INFO - Consolidating dataset for database...
2025-06-18 04:28:37,982 - INFO - Inserted 230 entries into dataset table
2025-06-18 04:28:38,005 - INFO - Inserted 4037 entries into text_content table
2025-06-18 04:28:38,005 - INFO - Inserted 50 entries into metadata table
2025-06-18 04:28:38,024 - INFO - Inserted 4220 entries into links table
2025-06-18 04:28:38,030 - INFO - Inserted 1381 entries into images table
2025-06-18 04:28:38,032 - INFO - Inserted 224 entries into css table
2025-06-18 04:28:38,044 - INFO - Successfully saved all data to database
2025-06-18 04:28:38,051 - INFO - Report saved to reports\analytics_report_20250618_042838.json
2025-06-18 04:28:38,051 - INFO - Analytics module completed successfully!
